{"C:\\Users\\kathy\\OneDrive\\Desktop\\microverse\\MOdule_2\\todo-list\\src\\modules\\clearTask.js": {"path":"C:\\Users\\kathy\\OneDrive\\Desktop\\microverse\\MOdule_2\\todo-list\\src\\modules\\clearTask.js","statementMap":{"0":{"start":{"line":3,"column":28},"end":{"line":8,"column":1}},"1":{"start":{"line":4,"column":26},"end":{"line":4,"column":73}},"2":{"start":{"line":4,"column":57},"end":{"line":4,"column":72}},"3":{"start":{"line":5,"column":2},"end":{"line":5,"column":68}},"4":{"start":{"line":6,"column":2},"end":{"line":6,"column":18}},"5":{"start":{"line":7,"column":2},"end":{"line":7,"column":20}}},"fnMap":{"0":{"name":"(anonymous_0)","decl":{"start":{"line":3,"column":28},"end":{"line":3,"column":29}},"loc":{"start":{"line":3,"column":34},"end":{"line":8,"column":1}},"line":3},"1":{"name":"(anonymous_1)","decl":{"start":{"line":4,"column":47},"end":{"line":4,"column":48}},"loc":{"start":{"line":4,"column":57},"end":{"line":4,"column":72}},"line":4}},"branchMap":{},"s":{"0":1,"1":3,"2":9,"3":3,"4":3,"5":3},"f":{"0":3,"1":9},"b":{},"_coverageSchema":"1a1c01bbd47fc00a2c39e90264f33305004495a9","hash":"06c6dca59dfbf85132f6564bd26549814c26cb72"}
,"C:\\Users\\kathy\\OneDrive\\Desktop\\microverse\\MOdule_2\\todo-list\\src\\modules\\statusFunctions.js": {"path":"C:\\Users\\kathy\\OneDrive\\Desktop\\microverse\\MOdule_2\\todo-list\\src\\modules\\statusFunctions.js","statementMap":{"0":{"start":{"line":3,"column":29},"end":{"line":6,"column":1}},"1":{"start":{"line":4,"column":2},"end":{"line":4,"column":67}},"2":{"start":{"line":5,"column":2},"end":{"line":5,"column":20}}},"fnMap":{"0":{"name":"(anonymous_0)","decl":{"start":{"line":3,"column":29},"end":{"line":3,"column":30}},"loc":{"start":{"line":3,"column":40},"end":{"line":6,"column":1}},"line":3}},"branchMap":{},"s":{"0":1,"1":2,"2":2},"f":{"0":2},"b":{},"_coverageSchema":"1a1c01bbd47fc00a2c39e90264f33305004495a9","hash":"e51653dd333554afdcb53727f2c7d2823d03c0fc"}
,"C:\\Users\\kathy\\OneDrive\\Desktop\\microverse\\MOdule_2\\todo-list\\src\\modules\\taskFunctions.js": {"path":"C:\\Users\\kathy\\OneDrive\\Desktop\\microverse\\MOdule_2\\todo-list\\src\\modules\\taskFunctions.js","statementMap":{"0":{"start":{"line":1,"column":22},"end":{"line":1,"column":73}},"1":{"start":{"line":3,"column":24},"end":{"line":5,"column":1}},"2":{"start":{"line":4,"column":2},"end":{"line":4,"column":67}},"3":{"start":{"line":7,"column":22},"end":{"line":11,"column":1}},"4":{"start":{"line":8,"column":2},"end":{"line":10,"column":5}},"5":{"start":{"line":9,"column":4},"end":{"line":9,"column":27}},"6":{"start":{"line":13,"column":20},"end":{"line":17,"column":1}},"7":{"start":{"line":14,"column":2},"end":{"line":14,"column":33}},"8":{"start":{"line":15,"column":2},"end":{"line":15,"column":18}},"9":{"start":{"line":16,"column":2},"end":{"line":16,"column":20}},"10":{"start":{"line":19,"column":28},"end":{"line":22,"column":1}},"11":{"start":{"line":20,"column":2},"end":{"line":20,"column":40}},"12":{"start":{"line":21,"column":2},"end":{"line":21,"column":20}},"13":{"start":{"line":24,"column":16},"end":{"line":34,"column":1}},"14":{"start":{"line":25,"column":2},"end":{"line":33,"column":3}},"15":{"start":{"line":26,"column":17},"end":{"line":30,"column":5}},"16":{"start":{"line":31,"column":4},"end":{"line":31,"column":29}},"17":{"start":{"line":32,"column":4},"end":{"line":32,"column":22}}},"fnMap":{"0":{"name":"(anonymous_0)","decl":{"start":{"line":3,"column":24},"end":{"line":3,"column":25}},"loc":{"start":{"line":3,"column":30},"end":{"line":5,"column":1}},"line":3},"1":{"name":"(anonymous_1)","decl":{"start":{"line":7,"column":22},"end":{"line":7,"column":23}},"loc":{"start":{"line":7,"column":28},"end":{"line":11,"column":1}},"line":7},"2":{"name":"(anonymous_2)","decl":{"start":{"line":8,"column":24},"end":{"line":8,"column":25}},"loc":{"start":{"line":8,"column":41},"end":{"line":10,"column":3}},"line":8},"3":{"name":"(anonymous_3)","decl":{"start":{"line":13,"column":20},"end":{"line":13,"column":21}},"loc":{"start":{"line":13,"column":31},"end":{"line":17,"column":1}},"line":13},"4":{"name":"(anonymous_4)","decl":{"start":{"line":19,"column":28},"end":{"line":19,"column":29}},"loc":{"start":{"line":19,"column":49},"end":{"line":22,"column":1}},"line":19},"5":{"name":"(anonymous_5)","decl":{"start":{"line":24,"column":16},"end":{"line":24,"column":17}},"loc":{"start":{"line":24,"column":27},"end":{"line":34,"column":1}},"line":24}},"branchMap":{"0":{"loc":{"start":{"line":1,"column":22},"end":{"line":1,"column":73}},"type":"binary-expr","locations":[{"start":{"line":1,"column":22},"end":{"line":1,"column":67}},{"start":{"line":1,"column":71},"end":{"line":1,"column":73}}],"line":1},"1":{"loc":{"start":{"line":25,"column":2},"end":{"line":33,"column":3}},"type":"if","locations":[{"start":{"line":25,"column":2},"end":{"line":33,"column":3}},{"start":{},"end":{}}],"line":25}},"s":{"0":3,"1":3,"2":5,"3":3,"4":1,"5":1,"6":3,"7":1,"8":1,"9":1,"10":3,"11":1,"12":1,"13":3,"14":2,"15":1,"16":1,"17":1},"f":{"0":5,"1":1,"2":1,"3":1,"4":1,"5":2},"b":{"0":[3,3],"1":[1,1]},"_coverageSchema":"1a1c01bbd47fc00a2c39e90264f33305004495a9","hash":"a126769516862c8ed0ee8fca2e5faeda727dc879"}
}
